Determining if the Q_WS_WIN exist failed with the following output:
Change Dir: /home/abhishek/iiit/project_final_cpp/cair_final/cair_online/build/CMakeFiles/CMakeTmp

Run Build Command:/usr/bin/make "cmTryCompileExec1782838302/fast"
/usr/bin/make -f CMakeFiles/cmTryCompileExec1782838302.dir/build.make CMakeFiles/cmTryCompileExec1782838302.dir/build
make[1]: Entering directory `/home/abhishek/iiit/project_final_cpp/cair_final/cair_online/build/CMakeFiles/CMakeTmp'
/usr/bin/cmake -E cmake_progress_report /home/abhishek/iiit/project_final_cpp/cair_final/cair_online/build/CMakeFiles/CMakeTmp/CMakeFiles 1
Building CXX object CMakeFiles/cmTryCompileExec1782838302.dir/CheckSymbolExists.cxx.o
/usr/bin/c++   -DLAPACK_USE_F2C -I/usr/include/qt4    -o CMakeFiles/cmTryCompileExec1782838302.dir/CheckSymbolExists.cxx.o -c /home/abhishek/iiit/project_final_cpp/cair_final/cair_online/build/CMakeFiles/CMakeTmp/CheckSymbolExists.cxx
/home/abhishek/iiit/project_final_cpp/cair_final/cair_online/build/CMakeFiles/CMakeTmp/CheckSymbolExists.cxx: In function ‘int main(int, char**)’:
/home/abhishek/iiit/project_final_cpp/cair_final/cair_online/build/CMakeFiles/CMakeTmp/CheckSymbolExists.cxx:8:19: error: ‘Q_WS_WIN’ was not declared in this scope
   return ((int*)(&Q_WS_WIN))[argc];
                   ^
make[1]: *** [CMakeFiles/cmTryCompileExec1782838302.dir/CheckSymbolExists.cxx.o] Error 1
make[1]: Leaving directory `/home/abhishek/iiit/project_final_cpp/cair_final/cair_online/build/CMakeFiles/CMakeTmp'
make: *** [cmTryCompileExec1782838302/fast] Error 2

File /home/abhishek/iiit/project_final_cpp/cair_final/cair_online/build/CMakeFiles/CMakeTmp/CheckSymbolExists.cxx:
/* */
#include <QtCore/qglobal.h>

int main(int argc, char** argv)
{
  (void)argv;
#ifndef Q_WS_WIN
  return ((int*)(&Q_WS_WIN))[argc];
#else
  (void)argc;
  return 0;
#endif
}

Determining if the Q_WS_QWS exist failed with the following output:
Change Dir: /home/abhishek/iiit/project_final_cpp/cair_final/cair_online/build/CMakeFiles/CMakeTmp

Run Build Command:/usr/bin/make "cmTryCompileExec2932318487/fast"
/usr/bin/make -f CMakeFiles/cmTryCompileExec2932318487.dir/build.make CMakeFiles/cmTryCompileExec2932318487.dir/build
make[1]: Entering directory `/home/abhishek/iiit/project_final_cpp/cair_final/cair_online/build/CMakeFiles/CMakeTmp'
/usr/bin/cmake -E cmake_progress_report /home/abhishek/iiit/project_final_cpp/cair_final/cair_online/build/CMakeFiles/CMakeTmp/CMakeFiles 1
Building CXX object CMakeFiles/cmTryCompileExec2932318487.dir/CheckSymbolExists.cxx.o
/usr/bin/c++   -DLAPACK_USE_F2C -I/usr/include/qt4    -o CMakeFiles/cmTryCompileExec2932318487.dir/CheckSymbolExists.cxx.o -c /home/abhishek/iiit/project_final_cpp/cair_final/cair_online/build/CMakeFiles/CMakeTmp/CheckSymbolExists.cxx
/home/abhishek/iiit/project_final_cpp/cair_final/cair_online/build/CMakeFiles/CMakeTmp/CheckSymbolExists.cxx: In function ‘int main(int, char**)’:
/home/abhishek/iiit/project_final_cpp/cair_final/cair_online/build/CMakeFiles/CMakeTmp/CheckSymbolExists.cxx:8:19: error: ‘Q_WS_QWS’ was not declared in this scope
   return ((int*)(&Q_WS_QWS))[argc];
                   ^
make[1]: *** [CMakeFiles/cmTryCompileExec2932318487.dir/CheckSymbolExists.cxx.o] Error 1
make[1]: Leaving directory `/home/abhishek/iiit/project_final_cpp/cair_final/cair_online/build/CMakeFiles/CMakeTmp'
make: *** [cmTryCompileExec2932318487/fast] Error 2

File /home/abhishek/iiit/project_final_cpp/cair_final/cair_online/build/CMakeFiles/CMakeTmp/CheckSymbolExists.cxx:
/* */
#include <QtCore/qglobal.h>

int main(int argc, char** argv)
{
  (void)argv;
#ifndef Q_WS_QWS
  return ((int*)(&Q_WS_QWS))[argc];
#else
  (void)argc;
  return 0;
#endif
}

Determining if the Q_WS_MAC exist failed with the following output:
Change Dir: /home/abhishek/iiit/project_final_cpp/cair_final/cair_online/build/CMakeFiles/CMakeTmp

Run Build Command:/usr/bin/make "cmTryCompileExec428035326/fast"
/usr/bin/make -f CMakeFiles/cmTryCompileExec428035326.dir/build.make CMakeFiles/cmTryCompileExec428035326.dir/build
make[1]: Entering directory `/home/abhishek/iiit/project_final_cpp/cair_final/cair_online/build/CMakeFiles/CMakeTmp'
/usr/bin/cmake -E cmake_progress_report /home/abhishek/iiit/project_final_cpp/cair_final/cair_online/build/CMakeFiles/CMakeTmp/CMakeFiles 1
Building CXX object CMakeFiles/cmTryCompileExec428035326.dir/CheckSymbolExists.cxx.o
/usr/bin/c++   -DLAPACK_USE_F2C -I/usr/include/qt4    -o CMakeFiles/cmTryCompileExec428035326.dir/CheckSymbolExists.cxx.o -c /home/abhishek/iiit/project_final_cpp/cair_final/cair_online/build/CMakeFiles/CMakeTmp/CheckSymbolExists.cxx
/home/abhishek/iiit/project_final_cpp/cair_final/cair_online/build/CMakeFiles/CMakeTmp/CheckSymbolExists.cxx: In function ‘int main(int, char**)’:
/home/abhishek/iiit/project_final_cpp/cair_final/cair_online/build/CMakeFiles/CMakeTmp/CheckSymbolExists.cxx:8:19: error: ‘Q_WS_MAC’ was not declared in this scope
   return ((int*)(&Q_WS_MAC))[argc];
                   ^
make[1]: *** [CMakeFiles/cmTryCompileExec428035326.dir/CheckSymbolExists.cxx.o] Error 1
make[1]: Leaving directory `/home/abhishek/iiit/project_final_cpp/cair_final/cair_online/build/CMakeFiles/CMakeTmp'
make: *** [cmTryCompileExec428035326/fast] Error 2

File /home/abhishek/iiit/project_final_cpp/cair_final/cair_online/build/CMakeFiles/CMakeTmp/CheckSymbolExists.cxx:
/* */
#include <QtCore/qglobal.h>

int main(int argc, char** argv)
{
  (void)argv;
#ifndef Q_WS_MAC
  return ((int*)(&Q_WS_MAC))[argc];
#else
  (void)argc;
  return 0;
#endif
}

Determining if the pthread_create exist failed with the following output:
Change Dir: /home/abhishek/iiit/project_final_cpp/cair_final/cair_online/build/CMakeFiles/CMakeTmp

Run Build Command:/usr/bin/make "cmTryCompileExec3334842383/fast"
/usr/bin/make -f CMakeFiles/cmTryCompileExec3334842383.dir/build.make CMakeFiles/cmTryCompileExec3334842383.dir/build
make[1]: Entering directory `/home/abhishek/iiit/project_final_cpp/cair_final/cair_online/build/CMakeFiles/CMakeTmp'
/usr/bin/cmake -E cmake_progress_report /home/abhishek/iiit/project_final_cpp/cair_final/cair_online/build/CMakeFiles/CMakeTmp/CMakeFiles 1
Building C object CMakeFiles/cmTryCompileExec3334842383.dir/CheckSymbolExists.c.o
/usr/bin/cc  -DLAPACK_USE_F2C -Wall -W    -o CMakeFiles/cmTryCompileExec3334842383.dir/CheckSymbolExists.c.o   -c /home/abhishek/iiit/project_final_cpp/cair_final/cair_online/build/CMakeFiles/CMakeTmp/CheckSymbolExists.c
Linking C executable cmTryCompileExec3334842383
/usr/bin/cmake -E cmake_link_script CMakeFiles/cmTryCompileExec3334842383.dir/link.txt --verbose=1
/usr/bin/cc    -Wall -W     CMakeFiles/cmTryCompileExec3334842383.dir/CheckSymbolExists.c.o  -o cmTryCompileExec3334842383 -rdynamic 
CMakeFiles/cmTryCompileExec3334842383.dir/CheckSymbolExists.c.o: In function `main':
CheckSymbolExists.c:(.text+0x16): undefined reference to `pthread_create'
collect2: error: ld returned 1 exit status
make[1]: *** [cmTryCompileExec3334842383] Error 1
make[1]: Leaving directory `/home/abhishek/iiit/project_final_cpp/cair_final/cair_online/build/CMakeFiles/CMakeTmp'
make: *** [cmTryCompileExec3334842383/fast] Error 2

File /home/abhishek/iiit/project_final_cpp/cair_final/cair_online/build/CMakeFiles/CMakeTmp/CheckSymbolExists.c:
/* */
#include <pthread.h>

int main(int argc, char** argv)
{
  (void)argv;
#ifndef pthread_create
  return ((int*)(&pthread_create))[argc];
#else
  (void)argc;
  return 0;
#endif
}

Determining if the function pthread_create exists in the pthreads failed with the following output:
Change Dir: /home/abhishek/iiit/project_final_cpp/cair_final/cair_online/build/CMakeFiles/CMakeTmp

Run Build Command:/usr/bin/make "cmTryCompileExec3446013180/fast"
/usr/bin/make -f CMakeFiles/cmTryCompileExec3446013180.dir/build.make CMakeFiles/cmTryCompileExec3446013180.dir/build
make[1]: Entering directory `/home/abhishek/iiit/project_final_cpp/cair_final/cair_online/build/CMakeFiles/CMakeTmp'
/usr/bin/cmake -E cmake_progress_report /home/abhishek/iiit/project_final_cpp/cair_final/cair_online/build/CMakeFiles/CMakeTmp/CMakeFiles 1
Building C object CMakeFiles/cmTryCompileExec3446013180.dir/CheckFunctionExists.c.o
/usr/bin/cc  -DLAPACK_USE_F2C -Wall -W -DCHECK_FUNCTION_EXISTS=pthread_create   -o CMakeFiles/cmTryCompileExec3446013180.dir/CheckFunctionExists.c.o   -c /usr/share/cmake-2.8/Modules/CheckFunctionExists.c
Linking C executable cmTryCompileExec3446013180
/usr/bin/cmake -E cmake_link_script CMakeFiles/cmTryCompileExec3446013180.dir/link.txt --verbose=1
/usr/bin/cc    -Wall -W -DCHECK_FUNCTION_EXISTS=pthread_create    CMakeFiles/cmTryCompileExec3446013180.dir/CheckFunctionExists.c.o  -o cmTryCompileExec3446013180 -rdynamic -lpthreads 
/usr/bin/ld: cannot find -lpthreads
collect2: error: ld returned 1 exit status
make[1]: *** [cmTryCompileExec3446013180] Error 1
make[1]: Leaving directory `/home/abhishek/iiit/project_final_cpp/cair_final/cair_online/build/CMakeFiles/CMakeTmp'
make: *** [cmTryCompileExec3446013180/fast] Error 2


